<?xml version="1.0" encoding="UTF-8"?>
<testng-results skipped="0" failed="0" total="2" passed="2">
  <reporter-output>
  </reporter-output>
  <suite name="Default suite" duration-ms="52" started-at="2019-01-28T15:11:00Z" finished-at="2019-01-28T15:11:00Z">
    <groups>
    </groups>
    <test name="Default test" duration-ms="52" started-at="2019-01-28T15:11:00Z" finished-at="2019-01-28T15:11:00Z">
      <class name="com.qa.test.Demotest">
        <test-method status="PASS" signature="Sub()[pri:0, instance:com.qa.test.Demotest@174d20a]" name="Sub" duration-ms="17" started-at="2019-01-28T15:11:00Z" finished-at="2019-01-28T15:11:00Z">
          <reporter-output>
          </reporter-output>
        </test-method> <!-- Sub -->
        <test-method status="PASS" signature="sum()[pri:0, instance:com.qa.test.Demotest@174d20a]" name="sum" duration-ms="15" started-at="2019-01-28T15:11:00Z" finished-at="2019-01-28T15:11:00Z">
          <reporter-output>
          </reporter-output>
        </test-method> <!-- sum -->
      </class> <!-- com.qa.test.Demotest -->
    </test> <!-- Default test -->
  </suite> <!-- Default suite -->
</testng-results>
